<?xml version="1.0" encoding="UTF-8"?>
<!-- Generated by org.testng.reporters.JUnitReportReporter -->
<testsuite skipped="0" hostname="Bhupesh" name="com.qklab.testcases.ContactsPageTest" tests="3" failures="0" timestamp="04 Apr 2020 19:28:12 GMT" time="102.231" errors="0">
  <testcase name="validateCreateNewContactTest" time="33.686" classname="com.qklab.testcases.ContactsPageTest"/>
  <testcase name="validateCreateNewContactTest" time="33.357" classname="com.qklab.testcases.ContactsPageTest"/>
  <testcase name="validateCreateNewContactTest" time="35.188" classname="com.qklab.testcases.ContactsPageTest"/>
</testsuite> <!-- com.qklab.testcases.ContactsPageTest -->
