<?xml version="1.0" encoding="UTF-8"?>
<!-- Generated by org.testng.reporters.JUnitReportReporter -->
<testsuite skipped="0" hostname="Bhupesh" name="com.qklab.testcases.LoginPageTest" tests="1" failures="0" timestamp="05 Apr 2020 14:19:53 GMT" time="12.678" errors="0">
  <testcase name="validateForgotPasswordLinkTest" time="12.678" classname="com.qklab.testcases.LoginPageTest"/>
</testsuite> <!-- com.qklab.testcases.LoginPageTest -->
